<?xml version="1.0" encoding="UTF-8"?>
<!-- Generated by org.testng.reporters.JUnitReportReporter -->
<testsuite skipped="0" hostname="MacBook-Pro-de-MBANTA.local" name="com.christianlouboutin.testCases.AddCart" tests="2" failures="0" timestamp="2020-07-27T11:50:28 CEST" time="24.071" errors="0">
  <testcase name="checkOut" time="9.095" classname="com.christianlouboutin.testCases.AddCart"/>
  <system-out/>
  <testcase name="addToCart" time="14.976" classname="com.christianlouboutin.testCases.AddCart"/>
  <system-out/>
</testsuite> <!-- com.christianlouboutin.testCases.AddCart -->
